Watching for file changes with StatReloader
[31/Oct/2019 08:38:28] "GET /api/search/?search_word=%EC%95%84%EC%9D%B4%ED%8C%A8%EB%93%9C HTTP/1.1" 200 41656
[31/Oct/2019 08:38:40] "GET /api/auto/?search_word=%EC%95%84%EC%9D%B4%ED%8C%A8%EB%93%9C HTTP/1.1" 200 7063
[31/Oct/2019 08:41:28] "GET /api/auto/?search_word=%EA%B0%A4%EB%9F%AD%EC%8B%9C%20%ED%83%AD HTTP/1.1" 200 2
[31/Oct/2019 08:41:29] "GET /api/api/product/ HTTP/1.1" 200 864826
[31/Oct/2019 08:41:30] "GET /api/auto/?search_word=%EA%B0%A4%EB%9F%AD%EC%8B%9C%20%ED%83%AD HTTP/1.1" 200 2
[31/Oct/2019 08:41:31] "GET /api/auto/?search_word=%EA%B0%A4%EB%9F%AD%EC%8B%9C%20%ED%83%AD HTTP/1.1" 200 2
[31/Oct/2019 08:41:33] "GET /api/auto/?search_word=%EA%B0%A4%EB%9F%AD%EC%8B%9C HTTP/1.1" 200 142
[31/Oct/2019 08:41:38] "GET /api/auto/?search_word=%EA%B0%A4%EB%9F%AD%EC%8B%9C HTTP/1.1" 200 142
[31/Oct/2019 08:41:40] "GET /api/auto/?search_word=%EA%B0%A4%EB%9F%AD%EC%8B%9C%20%ED%83%AD HTTP/1.1" 200 2
[31/Oct/2019 08:41:45] "GET /api/auto/?search_word=%EA%B0%A4%EB%9F%AD%EC%8B%9C HTTP/1.1" 200 142
[31/Oct/2019 08:41:51] "GET /api/auto/?search_word=%EA%B0%A4%EB%9F%AD%EC%8B%9C HTTP/1.1" 200 142
[31/Oct/2019 08:41:53] "GET /api/auto/?search_word=%EA%B0%A4%EB%9F%AD%EC%8B%9C%EB%85%B8%ED%8A%B8 HTTP/1.1" 200 2
[31/Oct/2019 08:41:54] "GET /api/auto/?search_word=%EA%B0%A4%EB%9F%AD%EC%8B%9C%EB%85%B8%ED%8A%B8 HTTP/1.1" 200 2
[31/Oct/2019 08:41:55] "GET /api/auto/?search_word=%EA%B0%A4%EB%9F%AD%EC%8B%9C%EB%85%B8%ED%8A%B8 HTTP/1.1" 200 2
[31/Oct/2019 08:41:55] "GET /api/auto/?search_word=%EA%B0%A4%EB%9F%AD%EC%8B%9C%EB%85%B8%ED%8A%B8 HTTP/1.1" 200 2
[31/Oct/2019 08:41:56] "GET /api/auto/?search_word=%EA%B0%A4%EB%9F%AD%EC%8B%9C%EB%85%B8%ED%8A%B8 HTTP/1.1" 200 2
[31/Oct/2019 08:41:56] "GET /api/auto/?search_word=%EA%B0%A4%EB%9F%AD%EC%8B%9C%EB%85%B8%ED%8A%B8 HTTP/1.1" 200 2
[31/Oct/2019 08:41:57] "GET /api/auto/?search_word=%EA%B0%A4%EB%9F%AD%EC%8B%9C%EB%85%B8 HTTP/1.1" 200 2
[31/Oct/2019 08:41:59] "GET /api/auto/?search_word=%EA%B0%A4%EB%9F%AD%EC%8B%9C HTTP/1.1" 200 142
[31/Oct/2019 08:42:02] "GET /api/auto/?search_word=%EA%B0%A4%EB%9F%AD%EC%8B%9C HTTP/1.1" 200 142
[31/Oct/2019 08:42:03] "GET /api/auto/?search_word=%EA%B0%A4%EB%9F%AD%EC%8B%9C%ED%83%AD HTTP/1.1" 200 2
[31/Oct/2019 08:42:04] "GET /api/auto/?search_word=%EA%B0%A4%EB%9F%AD%EC%8B%9C%ED%83%AD HTTP/1.1" 200 2
[31/Oct/2019 08:42:05] "GET /api/auto/?search_word=%EA%B0%A4%EB%9F%AD%EC%8B%9C HTTP/1.1" 200 142
[31/Oct/2019 08:42:09] "GET /api/auto/?search_word=%EA%B0%A4%EB%9F%AD%EC%8B%9C%20S HTTP/1.1" 200 2
[31/Oct/2019 08:42:10] "GET /api/auto/?search_word=%EA%B0%A4%EB%9F%AD%EC%8B%9C%20S HTTP/1.1" 200 2
[31/Oct/2019 08:42:34] "GET /api/search/?search_word=%EC%95%84%EC%9D%B4%ED%8C%A8%EB%93%9C HTTP/1.1" 200 41656
[31/Oct/2019 08:43:42] "GET /api/api/product/ HTTP/1.1" 200 864826
[31/Oct/2019 08:43:49] "GET /api/auto/?search_word=%EA%B0%A4%EB%9F%AD%EC%8B%9C%20S HTTP/1.1" 200 2
[31/Oct/2019 08:43:50] "GET /api/auto/?search_word=%EA%B0%A4%EB%9F%AD%EC%8B%9C%20S HTTP/1.1" 200 2
[31/Oct/2019 08:43:51] "GET /media/659206764.jpg HTTP/1.1" 200 50894
[31/Oct/2019 08:43:51] "GET /media/659193758.jpg HTTP/1.1" 200 47845
[31/Oct/2019 08:43:51] "GET /media/659264784.jpg HTTP/1.1" 200 49240
[31/Oct/2019 08:43:51] "GET /media/660184330.jpg HTTP/1.1" 200 21037
[31/Oct/2019 08:43:51] "GET /api/auto/?search_word=%EA%B0%A4%EB%9F%AD%EC%8B%9C%20S HTTP/1.1" 200 2
[31/Oct/2019 08:43:52] "GET /api/auto/?search_word=%EA%B0%A4%EB%9F%AD%EC%8B%9C%20S HTTP/1.1" 200 2
[31/Oct/2019 08:43:52] "GET /api/auto/?search_word=%EA%B0%A4%EB%9F%AD%EC%8B%9C%20S HTTP/1.1" 200 2
[31/Oct/2019 08:46:13] "GET /api/api/product/ HTTP/1.1" 200 864826
[31/Oct/2019 08:47:08] "GET /api/api/product/ HTTP/1.1" 200 864826
[31/Oct/2019 08:47:40] "GET /media/658791140.jpg HTTP/1.1" 200 11941
[31/Oct/2019 08:47:40] "GET /media/658751818.jpg HTTP/1.1" 200 13390
[31/Oct/2019 08:47:40] "GET /media/659797434.jpg HTTP/1.1" 200 33969
[31/Oct/2019 08:47:40] "GET /media/659788836.jpg HTTP/1.1" 200 36472
[31/Oct/2019 08:47:40] "GET /media/660252502.jpg HTTP/1.1" 200 24804
[31/Oct/2019 08:49:01] "GET /api/api/product/ HTTP/1.1" 200 864826
[31/Oct/2019 08:51:36] "GET /api/api/product/ HTTP/1.1" 200 864826
[31/Oct/2019 08:53:11] "GET /media/660252343.jpg HTTP/1.1" 200 37631
[31/Oct/2019 08:53:11] "GET /media/659815898.jpg HTTP/1.1" 200 35706
[31/Oct/2019 08:53:15] "GET /media/658905444.jpg HTTP/1.1" 200 14580
[31/Oct/2019 08:53:18] "GET /media/658830917.jpg HTTP/1.1" 200 49405
[31/Oct/2019 08:53:18] "GET /media/658790163.jpg HTTP/1.1" 200 13450
[31/Oct/2019 08:53:19] "GET /media/659194083.jpg HTTP/1.1" 200 51861
[31/Oct/2019 08:53:19] "GET /media/660134176.jpg HTTP/1.1" 200 13226
[31/Oct/2019 08:53:20] "GET /media/660185064.jpg HTTP/1.1" 200 17953
[31/Oct/2019 08:53:20] "GET /media/660265033.jpg HTTP/1.1" 200 17953
Not Found: /
[31/Oct/2019 10:33:05] "GET / HTTP/1.1" 404 2155
Not Found: /
[31/Oct/2019 10:33:06] "GET / HTTP/1.1" 404 2155
Not Found: /
[31/Oct/2019 10:33:06] "GET / HTTP/1.1" 404 2155
[31/Oct/2019 12:13:35] "GET /api/api/product/ HTTP/1.1" 200 864826
[31/Oct/2019 12:21:59] "GET /api/api/product/ HTTP/1.1" 200 864826
[31/Oct/2019 12:25:37] "GET /api/api/product/ HTTP/1.1" 200 864826
[31/Oct/2019 12:26:01] "GET /media/658751818.jpg HTTP/1.1" 200 13390
[31/Oct/2019 12:26:01] "GET /media/658791140.jpg HTTP/1.1" 200 11941
[31/Oct/2019 12:26:01] "GET /media/659788836.jpg HTTP/1.1" 200 36472
[31/Oct/2019 12:26:01] "GET /media/660252502.jpg HTTP/1.1" 200 24804
[31/Oct/2019 12:26:01] "GET /media/659797434.jpg HTTP/1.1" 200 33969
[31/Oct/2019 12:26:06] "GET /media/660264210.jpg HTTP/1.1" 200 26060
[31/Oct/2019 12:26:06] "GET /media/659816051.jpg HTTP/1.1" 200 19422
[31/Oct/2019 12:26:06] "GET /media/659794400.jpg HTTP/1.1" 200 26060
[31/Oct/2019 12:26:06] "GET /media/660241433.jpg HTTP/1.1" 200 21498
[31/Oct/2019 12:26:06] "GET /media/658830933.jpg HTTP/1.1" 200 48895
[31/Oct/2019 12:26:07] "GET /media/659194303.jpg HTTP/1.1" 200 48803
[31/Oct/2019 12:26:12] "GET /media/657532076.jpg HTTP/1.1" 200 14384
[31/Oct/2019 12:26:26] "GET /media/660264996.jpg HTTP/1.1" 200 15011
[31/Oct/2019 12:26:26] "GET /media/660264737.jpg HTTP/1.1" 200 24894
[31/Oct/2019 12:26:26] "GET /media/660134176.jpg HTTP/1.1" 200 13226
[31/Oct/2019 12:26:26] "GET /media/658790163.jpg HTTP/1.1" 200 13450
[31/Oct/2019 12:26:26] "GET /media/658830917.jpg HTTP/1.1" 200 49405
[31/Oct/2019 12:26:26] "GET /media/659194083.jpg HTTP/1.1" 200 51861
[31/Oct/2019 12:26:28] "GET /media/659193823.jpg HTTP/1.1" 200 49159
[31/Oct/2019 12:26:28] "GET /media/660133851.jpg HTTP/1.1" 200 30464
[31/Oct/2019 12:26:28] "GET /media/660133999.jpg HTTP/1.1" 200 30464
[31/Oct/2019 12:26:52] "GET /api/api/product/ HTTP/1.1" 200 864826
[31/Oct/2019 12:26:59] "GET /media/659188667.jpg HTTP/1.1" 200 11471
[31/Oct/2019 12:26:59] "GET /media/659266074.jpg HTTP/1.1" 200 10693
[31/Oct/2019 12:26:59] "GET /media/658788047.jpg HTTP/1.1" 200 9283
[31/Oct/2019 12:26:59] "GET /media/659266311.jpg HTTP/1.1" 200 51071
[31/Oct/2019 12:26:59] "GET /media/658787913.jpg HTTP/1.1" 200 50001
[31/Oct/2019 12:27:09] "GET /media/658784167.jpg HTTP/1.1" 200 11646
[31/Oct/2019 12:27:09] "GET /media/659194096.jpg HTTP/1.1" 200 50993
[31/Oct/2019 12:27:09] "GET /media/658831425.jpg HTTP/1.1" 200 51185
[31/Oct/2019 12:27:18] "GET /api/api/product/ HTTP/1.1" 200 864826
Not Found: /api
[31/Oct/2019 12:38:53] "GET /api HTTP/1.1" 404 2182
Not Found: /favicon.ico
[31/Oct/2019 12:38:53] "GET /favicon.ico HTTP/1.1" 404 2206
[31/Oct/2019 12:38:59] "GET /api/search HTTP/1.1" 301 0
Internal Server Error: /api/search/
Traceback (most recent call last):
  File "/home/ubuntu/.local/lib/python3.6/site-packages/django/core/handlers/exception.py", line 34, in inner
    response = get_response(request)
  File "/home/ubuntu/.local/lib/python3.6/site-packages/django/core/handlers/base.py", line 115, in _get_response
    response = self.process_exception_by_middleware(e, request)
  File "/home/ubuntu/.local/lib/python3.6/site-packages/django/core/handlers/base.py", line 113, in _get_response
    response = wrapped_callback(request, *callback_args, **callback_kwargs)
  File "/home/ubuntu/.local/lib/python3.6/site-packages/django/views/decorators/csrf.py", line 54, in wrapped_view
    return view_func(*args, **kwargs)
  File "/home/ubuntu/.local/lib/python3.6/site-packages/django/views/generic/base.py", line 71, in view
    return self.dispatch(request, *args, **kwargs)
  File "/home/ubuntu/.local/lib/python3.6/site-packages/rest_framework/views.py", line 499, in dispatch
    self.response = self.finalize_response(request, response, *args, **kwargs)
  File "/home/ubuntu/.local/lib/python3.6/site-packages/rest_framework/views.py", line 414, in finalize_response
    % type(response)
AssertionError: Expected a `Response`, `HttpResponse` or `HttpStreamingResponse` to be returned from the view, but received a `<class 'NoneType'>`
[31/Oct/2019 12:38:59] "GET /api/search/ HTTP/1.1" 500 77005
[31/Oct/2019 12:42:07] "GET /api/search/?search_word=%EC%95%84%EC%9D%B4%ED%8F%B0 HTTP/1.1" 200 59453
[31/Oct/2019 12:42:08] "GET /static/rest_framework/css/bootstrap-tweaks.css HTTP/1.1" 200 3385
[31/Oct/2019 12:42:08] "GET /static/rest_framework/css/prettify.css HTTP/1.1" 200 817
[31/Oct/2019 12:42:08] "GET /static/rest_framework/css/default.css HTTP/1.1" 200 1131
[31/Oct/2019 12:42:08] "GET /static/rest_framework/js/ajax-form.js HTTP/1.1" 200 3597
[31/Oct/2019 12:42:08] "GET /static/rest_framework/js/jquery-3.4.1.min.js HTTP/1.1" 200 88145
[31/Oct/2019 12:42:08] "GET /static/rest_framework/js/csrf.js HTTP/1.1" 200 1719
[31/Oct/2019 12:42:08] "GET /static/rest_framework/js/bootstrap.min.js HTTP/1.1" 200 37608
[31/Oct/2019 12:42:08] "GET /static/rest_framework/js/prettify-min.js HTTP/1.1" 200 13632
[31/Oct/2019 12:42:15] "GET /static/rest_framework/css/bootstrap.min.css HTTP/1.1" 200 121457
[31/Oct/2019 12:42:15] "GET /static/rest_framework/js/default.js HTTP/1.1" 200 1268
[31/Oct/2019 12:42:16] "GET /static/rest_framework/img/grid.png HTTP/1.1" 200 1458
Not Found: /api/
[31/Oct/2019 12:46:30] "GET /api/ HTTP/1.1" 404 2606
[31/Oct/2019 12:46:39] "GET /api/product HTTP/1.1" 301 0
[31/Oct/2019 12:46:40] "GET /api/product/ HTTP/1.1" 200 1345950
[31/Oct/2019 12:49:21] "GET /api/search/?search_word=%EC%95%84%EC%9D%B4%ED%8C%A8%EB%93%9C HTTP/1.1" 200 41656
[31/Oct/2019 13:05:39] "GET /api/api/search/?search_word=[object%20Object] HTTP/1.1" 200 345
[31/Oct/2019 13:06:41] "GET /api/api/search/?search_word=[object%20Object] HTTP/1.1" 200 345
[31/Oct/2019 13:07:24] "GET /api/api/search/?search_word=[object%20Object] HTTP/1.1" 200 345
[31/Oct/2019 13:08:37] "GET /api/api/search/?search_word=[object%20Object] HTTP/1.1" 200 345
[31/Oct/2019 13:09:17] "GET /api/api/search/?search_word=[object%20Object] HTTP/1.1" 200 345
[31/Oct/2019 13:09:26] "GET /api/api/search/?search_word=[object%20Object] HTTP/1.1" 200 345
[31/Oct/2019 13:09:30] "GET /api/api/search/?search_word=[object%20Object] HTTP/1.1" 200 345
[31/Oct/2019 13:09:44] "GET /api/api/search/?search_word=[object%20Object] HTTP/1.1" 200 345
[31/Oct/2019 13:09:58] "GET /api/api/search/?search_word=[object%20Object] HTTP/1.1" 200 345
[31/Oct/2019 13:11:33] "GET /api/api/search/?search_word=[object%20Object] HTTP/1.1" 200 345
[31/Oct/2019 13:12:22] "GET /api/api/search/?search_word=%EC%95%84%EC%9D%B4%ED%8F%B0 HTTP/1.1" 200 33714
[31/Oct/2019 13:12:59] "GET /api/api/search/?search_word=%EC%95%84%EC%9D%B4%ED%8F%B0 HTTP/1.1" 200 33714
[31/Oct/2019 13:13:56] "GET /api/api/search/?search_word=%EC%95%84%EC%9D%B4%ED%8F%B0 HTTP/1.1" 200 33714
[31/Oct/2019 13:14:04] "GET /api/api/search/?search_word=%EC%95%84%EC%9D%B4%ED%8F%B0 HTTP/1.1" 200 33714
[31/Oct/2019 13:14:16] "GET /api/api/search/?search_word=%EC%95%84%EC%9D%B4%ED%8F%B0 HTTP/1.1" 200 33714
[31/Oct/2019 13:14:34] "GET /api/api/search/?search_word=%EC%95%84%EC%9D%B4%ED%8F%B0 HTTP/1.1" 200 33714
[31/Oct/2019 13:14:59] "GET /api/api/search/?search_word=%EC%95%84%EC%9D%B4%ED%8F%B0 HTTP/1.1" 200 33714
[31/Oct/2019 13:16:37] "GET /api/api/search/?search_word=%EC%95%84%EC%9D%B4%ED%8F%B0 HTTP/1.1" 200 33714
[31/Oct/2019 13:16:48] "GET /api/api/search/?search_word=%EC%95%84%EC%9D%B4%ED%8C%A8%EB%93%9C HTTP/1.1" 200 17673
[31/Oct/2019 13:23:05] "GET /api/search/?search_word=%EC%95%84%EC%9D%B4%ED%8F%B07 HTTP/1.1" 200 53380
Not Found: /favicon.ico
[31/Oct/2019 13:23:06] "GET /favicon.ico HTTP/1.1" 404 2206
[31/Oct/2019 13:25:27] "GET /api/api/search/?search_word=%EC%95%84%EC%9D%B4%ED%8F%B0 HTTP/1.1" 200 33714
[31/Oct/2019 13:26:31] "GET /api/api/search/?search_word=%EC%95%84%EC%9D%B4%ED%8F%B0 HTTP/1.1" 200 33714
[31/Oct/2019 13:27:32] "GET /api/auto/search HTTP/1.1" 301 0
Internal Server Error: /api/auto/search/
Traceback (most recent call last):
  File "/home/ubuntu/.local/lib/python3.6/site-packages/django/core/handlers/exception.py", line 34, in inner
    response = get_response(request)
  File "/home/ubuntu/.local/lib/python3.6/site-packages/django/core/handlers/base.py", line 115, in _get_response
    response = self.process_exception_by_middleware(e, request)
  File "/home/ubuntu/.local/lib/python3.6/site-packages/django/core/handlers/base.py", line 113, in _get_response
    response = wrapped_callback(request, *callback_args, **callback_kwargs)
  File "/home/ubuntu/.local/lib/python3.6/site-packages/django/views/decorators/csrf.py", line 54, in wrapped_view
    return view_func(*args, **kwargs)
  File "/home/ubuntu/.local/lib/python3.6/site-packages/django/views/generic/base.py", line 71, in view
    return self.dispatch(request, *args, **kwargs)
  File "/home/ubuntu/.local/lib/python3.6/site-packages/rest_framework/views.py", line 499, in dispatch
    self.response = self.finalize_response(request, response, *args, **kwargs)
  File "/home/ubuntu/.local/lib/python3.6/site-packages/rest_framework/views.py", line 414, in finalize_response
    % type(response)
AssertionError: Expected a `Response`, `HttpResponse` or `HttpStreamingResponse` to be returned from the view, but received a `<class 'NoneType'>`
[31/Oct/2019 13:27:32] "GET /api/auto/search/ HTTP/1.1" 500 77790
Not Found: /favicon.ico
[31/Oct/2019 13:27:32] "GET /favicon.ico HTTP/1.1" 404 2206
Internal Server Error: /api/auto/
Traceback (most recent call last):
  File "/home/ubuntu/.local/lib/python3.6/site-packages/django/core/handlers/exception.py", line 34, in inner
    response = get_response(request)
  File "/home/ubuntu/.local/lib/python3.6/site-packages/django/core/handlers/base.py", line 115, in _get_response
    response = self.process_exception_by_middleware(e, request)
  File "/home/ubuntu/.local/lib/python3.6/site-packages/django/core/handlers/base.py", line 113, in _get_response
    response = wrapped_callback(request, *callback_args, **callback_kwargs)
  File "/home/ubuntu/.local/lib/python3.6/site-packages/django/views/decorators/csrf.py", line 54, in wrapped_view
    return view_func(*args, **kwargs)
  File "/home/ubuntu/.local/lib/python3.6/site-packages/django/views/generic/base.py", line 71, in view
    return self.dispatch(request, *args, **kwargs)
  File "/home/ubuntu/.local/lib/python3.6/site-packages/rest_framework/views.py", line 499, in dispatch
    self.response = self.finalize_response(request, response, *args, **kwargs)
  File "/home/ubuntu/.local/lib/python3.6/site-packages/rest_framework/views.py", line 414, in finalize_response
    % type(response)
AssertionError: Expected a `Response`, `HttpResponse` or `HttpStreamingResponse` to be returned from the view, but received a `<class 'NoneType'>`
[31/Oct/2019 13:27:40] "GET /api/auto/?search=%EC%95%84%EC%9D%B4%ED%8F%B0 HTTP/1.1" 500 78267
[31/Oct/2019 13:28:13] "GET /api/auto/?search_word=%EC%95%84%EC%9D%B4%ED%8F%B0 HTTP/1.1" 200 7192
[31/Oct/2019 13:28:18] "GET /api/auto/?search_word=%EC%95%84%EC%9D%B4%ED%8C%A8%EB%93%9C HTTP/1.1" 200 7063
[31/Oct/2019 13:28:22] "GET /api/auto/?search_word=%EC%95%84%EC%9D%B4 HTTP/1.1" 200 7182
[31/Oct/2019 13:28:32] "GET /api/auto/?search_word=%EC%95%84%EC%9D%B4%ED%8C%A8%EB%93%9C HTTP/1.1" 200 7063
[31/Oct/2019 13:29:58] "GET /api/api/search/?search_word=%EC%95%84%EC%9D%B4%ED%8C%A8%EB%93%9C HTTP/1.1" 200 17673
[31/Oct/2019 13:30:06] "GET /api/api/search/?search_word=%EA%B0%80%EB%82%98%EB%8B%A4 HTTP/1.1" 200 345
[31/Oct/2019 13:30:29] "GET /api/api/search/?search_word=%EC%95%84%EC%9D%B4%ED%8C%A8%EB%93%9C%20%ED%94%84%EB%A1%9C HTTP/1.1" 200 17929
[31/Oct/2019 13:30:40] "GET /api/api/search/?search_word=%EC%95%84%EC%9D%B4%ED%8F%B0xs HTTP/1.1" 200 15766
[31/Oct/2019 13:30:58] "GET /api/api/search/?search_word=%EC%95%84%EC%9D%B4%ED%8F%B06 HTTP/1.1" 200 26759
[31/Oct/2019 13:31:14] "GET /api/auto/?search_word=%EA%B0%A4%EB%9F%AD%EC%8B%9C HTTP/1.1" 200 7270
[31/Oct/2019 13:31:32] "GET /api/api/search/?search_word=%EA%B0%A4%EB%9F%AD%EC%8B%9C%20%EB%85%B8%ED%8A%B87 HTTP/1.1" 200 21039
[31/Oct/2019 13:31:51] "GET /api/api/search/?search_word=%EA%B0%A4%EB%9F%AD%EC%8B%9C%20%ED%83%ADE HTTP/1.1" 200 18028
[31/Oct/2019 13:32:25] "GET /api/api/search/?search_word=%EC%95%84%EC%9D%B4%ED%8F%B0 HTTP/1.1" 200 33714
[31/Oct/2019 13:32:50] "GET /api/api/search/?search_word=%EC%95%84%EC%9D%B4%ED%8F%B0 HTTP/1.1" 200 33714
[31/Oct/2019 13:34:08] "GET /api/api/search/?search_word=%EC%95%84%EC%9D%B4%ED%8F%B0 HTTP/1.1" 200 33714
[31/Oct/2019 13:34:57] "GET /api/api/search/?search_word=%EC%95%84%EC%9D%B4%ED%8F%B0 HTTP/1.1" 200 33714
[31/Oct/2019 13:35:47] "GET /api/api/search/?search_word=%EC%95%84%EC%9D%B4%ED%8F%B0 HTTP/1.1" 200 33714
[31/Oct/2019 13:52:42] "GET /api/api/search/?search_word=%EC%95%84%EC%9D%B4%ED%8F%B0 HTTP/1.1" 200 33714
[31/Oct/2019 13:52:55] "GET /api/api/search/?search_word=%EC%95%84%EC%9D%B4%ED%8F%B0 HTTP/1.1" 200 33714
[31/Oct/2019 13:53:09] "GET /api/api/search/?search_word=%EC%95%84%EC%9D%B4%ED%8F%B0 HTTP/1.1" 200 33714
[31/Oct/2019 13:53:17] "GET /api/api/search/?search_word=%EC%95%84%EC%9D%B4%ED%8F%B0 HTTP/1.1" 200 33714
[31/Oct/2019 13:53:34] "GET /api/api/search/?search_word=%EC%95%84%EC%9D%B4%ED%8F%B0 HTTP/1.1" 200 33714
[31/Oct/2019 13:54:03] "GET /api/search/?search_word=%EC%95%84%EC%9D%B4%ED%8F%B07&page=2 HTTP/1.1" 200 53446
Not Found: /favicon.ico
[31/Oct/2019 13:54:03] "GET /favicon.ico HTTP/1.1" 404 2206
[31/Oct/2019 13:54:15] "GET /api/search/?search_word=%EC%95%84%EC%9D%B4%ED%8F%B07&page=3 HTTP/1.1" 200 53446
[31/Oct/2019 13:54:19] "GET /api/search/?search_word=%EC%95%84%EC%9D%B4%ED%8F%B07&page=4 HTTP/1.1" 200 53446
[31/Oct/2019 13:54:59] "GET /api/api/search/?search_word=%EC%95%84%EC%9D%B4%ED%8F%B0 HTTP/1.1" 200 33714
[31/Oct/2019 13:55:43] "GET /api/api/search/?search_word=%EC%95%84%EC%9D%B4%ED%8F%B0 HTTP/1.1" 200 33714
[31/Oct/2019 13:56:14] "GET /api/api/search/?search_word=%EC%95%84%EC%9D%B4%ED%8F%B0 HTTP/1.1" 200 33714
[31/Oct/2019 13:56:41] "GET /api/api/search/?search_word=%EC%95%84%EC%9D%B4%ED%8F%B0 HTTP/1.1" 200 33714
[31/Oct/2019 14:00:04] "GET /api/api/search/?search_word=%EC%95%84%EC%9D%B4%ED%8F%B0 HTTP/1.1" 200 33714
[31/Oct/2019 14:02:01] "GET /api/api/search/?search_word=%EC%95%84%EC%9D%B4%ED%8F%B0 HTTP/1.1" 200 33714
[31/Oct/2019 14:03:08] "GET /api/api/search/?search_word=%EC%95%84%EC%9D%B4%ED%8F%B0 HTTP/1.1" 200 33714
[31/Oct/2019 14:03:27] "GET /api/api/search/?search_word=%EC%95%84%EC%9D%B4%ED%8F%B0 HTTP/1.1" 200 33714
[31/Oct/2019 14:04:19] "GET /api/api/search/?search_word=%EC%95%84%EC%9D%B4%ED%8F%B0 HTTP/1.1" 200 33714
[31/Oct/2019 14:04:40] "GET /api/api/search/?search_word=%EC%95%84%EC%9D%B4%ED%8F%B0 HTTP/1.1" 200 33714
[31/Oct/2019 14:05:07] "GET /api/api/search/?search_word=%EC%95%84%EC%9D%B4%ED%8F%B0 HTTP/1.1" 200 33714
[31/Oct/2019 14:05:28] "GET /api/api/search/?search_word=%EC%95%84%EC%9D%B4%ED%8F%B0 HTTP/1.1" 200 33714
[31/Oct/2019 14:05:38] "GET /api/api/search/?search_word=%EC%95%84%EC%9D%B4%ED%8C%A8%EB%93%9C HTTP/1.1" 200 17672
[31/Oct/2019 14:07:19] "GET /api/api/search/?search_word=%EC%95%84%EC%9D%B4%ED%8F%B0 HTTP/1.1" 200 33714
[31/Oct/2019 14:14:24] "GET /api/api/search/?search_word=%EC%95%84%EC%9D%B4%ED%8F%B0 HTTP/1.1" 200 33714
[31/Oct/2019 14:14:38] "GET /api/api/search/?search_word=%EC%95%84%EC%9D%B4%ED%8F%B0 HTTP/1.1" 200 33714
[31/Oct/2019 14:15:54] "GET /api/api/search/?search_word=%EC%95%84%EC%9D%B4%ED%8F%B0 HTTP/1.1" 200 33714
Not Found: /favicon.ico
[31/Oct/2019 15:36:28] "GET /favicon.ico HTTP/1.1" 404 2206
[01/Nov/2019 00:04:45] "GET /api/auto/?search_word=%EC%95%84 HTTP/1.1" 200 7128
[01/Nov/2019 00:04:45] "GET /static/rest_framework/css/bootstrap-tweaks.css HTTP/1.1" 200 3385
[01/Nov/2019 00:04:45] "GET /static/rest_framework/css/bootstrap.min.css HTTP/1.1" 200 121457
[01/Nov/2019 00:04:45] "GET /static/rest_framework/js/ajax-form.js HTTP/1.1" 200 3597
[01/Nov/2019 00:04:45] "GET /static/rest_framework/css/default.css HTTP/1.1" 200 1131
[01/Nov/2019 00:04:45] "GET /static/rest_framework/js/csrf.js HTTP/1.1" 200 1719
[01/Nov/2019 00:04:45] "GET /static/rest_framework/css/prettify.css HTTP/1.1" 200 817
[01/Nov/2019 00:04:45] "GET /static/rest_framework/js/jquery-3.4.1.min.js HTTP/1.1" 200 88145
[01/Nov/2019 00:04:45] "GET /static/rest_framework/js/bootstrap.min.js HTTP/1.1" 200 37608
[01/Nov/2019 00:04:45] "GET /static/rest_framework/js/prettify-min.js HTTP/1.1" 200 13632
[01/Nov/2019 00:04:45] "GET /static/rest_framework/js/default.js HTTP/1.1" 200 1268
[01/Nov/2019 00:04:45] "GET /static/rest_framework/img/grid.png HTTP/1.1" 200 1458
Not Found: /favicon.ico
[01/Nov/2019 00:04:45] "GET /favicon.ico HTTP/1.1" 404 2206
[01/Nov/2019 00:04:54] "GET /api/search/?search_word=%EC%95%84%EC%9D%B4%ED%8C%A8%EB%93%9C HTTP/1.1" 200 41655
[01/Nov/2019 00:19:22] "GET /api/search/?search_word=%EC%95%84%EC%9D%B4%ED%8C%A8%EB%93%9C?size=2 HTTP/1.1" 200 37947
[01/Nov/2019 00:19:26] "GET /api/search/?search_word=%EC%95%84%EC%9D%B4%ED%8C%A8%EB%93%9C?size=3 HTTP/1.1" 200 44491
[01/Nov/2019 00:19:29] "GET /api/search/?search_word=%EC%95%84%EC%9D%B4%ED%8C%A8%EB%93%9C?size=4 HTTP/1.1" 200 41435
[01/Nov/2019 00:19:32] "GET /api/search/?search_word=%EC%95%84%EC%9D%B4%ED%8C%A8%EB%93%9C?size=5 HTTP/1.1" 200 44622
[01/Nov/2019 00:31:37] "GET /api/search/?search_word=%EC%95%84%EC%9D%B4%ED%8C%A8%EB%93%9C HTTP/1.1" 200 41655
[01/Nov/2019 00:31:37] "GET /static/rest_framework/css/bootstrap-tweaks.css HTTP/1.1" 304 0
[01/Nov/2019 00:31:37] "GET /static/rest_framework/css/bootstrap.min.css HTTP/1.1" 304 0
[01/Nov/2019 00:31:37] "GET /static/rest_framework/css/prettify.css HTTP/1.1" 304 0
[01/Nov/2019 00:31:37] "GET /static/rest_framework/js/jquery-3.4.1.min.js HTTP/1.1" 304 0
[01/Nov/2019 00:31:37] "GET /static/rest_framework/css/default.css HTTP/1.1" 304 0
[01/Nov/2019 00:31:37] "GET /static/rest_framework/js/ajax-form.js HTTP/1.1" 304 0
[01/Nov/2019 00:31:37] "GET /static/rest_framework/js/csrf.js HTTP/1.1" 304 0
[01/Nov/2019 00:31:37] "GET /static/rest_framework/js/bootstrap.min.js HTTP/1.1" 304 0
[01/Nov/2019 00:31:37] "GET /static/rest_framework/js/prettify-min.js HTTP/1.1" 304 0
[01/Nov/2019 00:31:37] "GET /static/rest_framework/js/default.js HTTP/1.1" 304 0
[01/Nov/2019 00:31:37] "GET /static/rest_framework/img/grid.png HTTP/1.1" 304 0
Not Found: /favicon.ico
[01/Nov/2019 00:31:38] "GET /favicon.ico HTTP/1.1" 404 2206
[01/Nov/2019 00:31:58] "GET /api/search/?search_word=%EC%95%84%EC%9D%B4%ED%8F%B0 HTTP/1.1" 200 59453
[01/Nov/2019 00:32:02] "GET /api/search/?search_word=%EC%95%84%EC%9D%B4 HTTP/1.1" 200 39585
[01/Nov/2019 00:32:08] "GET /api/search/?search_word=%EA%B0%A4%EB%9F%AD%EC%8B%9C HTTP/1.1" 200 42792
[01/Nov/2019 00:37:41] "GET /api/auto/?search_word=%EC%95%84 HTTP/1.1" 200 7128
[01/Nov/2019 01:02:33] "GET /api/api/product/ HTTP/1.1" 200 864826
[01/Nov/2019 01:15:25] "GET /api/api/search/?search_word=%EC%95%84%EC%9D%B4%ED%8F%B0 HTTP/1.1" 200 33714
[01/Nov/2019 01:16:13] "GET /api/api/search/?search_word=%EC%95%84%EC%9D%B4%ED%8F%B0 HTTP/1.1" 200 33714
[01/Nov/2019 01:16:18] "GET /api/api/search/?search_word=%EC%95%84%EC%9D%B4%ED%8F%B0 HTTP/1.1" 200 33714
[01/Nov/2019 01:24:17] "POST /api/product/ HTTP/1.1" 200 0
[01/Nov/2019 01:24:51] "GET /api/search/?search_word=%EC%95%84%EC%9D%B4 HTTP/1.1" 200 41276
[01/Nov/2019 01:28:34] "POST /api/product/ HTTP/1.1" 200 0
[01/Nov/2019 01:32:55] "POST /api/product/ HTTP/1.1" 200 0
Internal Server Error: /api/product/
Traceback (most recent call last):
  File "/home/ubuntu/.local/lib/python3.6/site-packages/django/db/backends/utils.py", line 84, in _execute
    return self.cursor.execute(sql, params)
  File "/home/ubuntu/.local/lib/python3.6/site-packages/django/db/backends/mysql/base.py", line 71, in execute
    return self.cursor.execute(query, args)
  File "/home/ubuntu/.local/lib/python3.6/site-packages/MySQLdb/cursors.py", line 209, in execute
    res = self._query(query)
  File "/home/ubuntu/.local/lib/python3.6/site-packages/MySQLdb/cursors.py", line 315, in _query
    db.query(q)
  File "/home/ubuntu/.local/lib/python3.6/site-packages/MySQLdb/connections.py", line 226, in query
    _mysql.connection.query(self, query)
MySQLdb._exceptions.OperationalError: (1366, "Incorrect string value: '\\xF0\\x9F\\x8E\\x89 \\xEC...' for column 'contents' at row 1")

The above exception was the direct cause of the following exception:

Traceback (most recent call last):
  File "/home/ubuntu/.local/lib/python3.6/site-packages/django/core/handlers/exception.py", line 34, in inner
    response = get_response(request)
  File "/home/ubuntu/.local/lib/python3.6/site-packages/django/core/handlers/base.py", line 115, in _get_response
    response = self.process_exception_by_middleware(e, request)
  File "/home/ubuntu/.local/lib/python3.6/site-packages/django/core/handlers/base.py", line 113, in _get_response
    response = wrapped_callback(request, *callback_args, **callback_kwargs)
  File "/home/ubuntu/.local/lib/python3.6/site-packages/django/views/decorators/csrf.py", line 54, in wrapped_view
    return view_func(*args, **kwargs)
  File "/home/ubuntu/.local/lib/python3.6/site-packages/django/views/generic/base.py", line 71, in view
    return self.dispatch(request, *args, **kwargs)
  File "/home/ubuntu/.local/lib/python3.6/site-packages/rest_framework/views.py", line 497, in dispatch
    response = self.handle_exception(exc)
  File "/home/ubuntu/.local/lib/python3.6/site-packages/rest_framework/views.py", line 457, in handle_exception
    self.raise_uncaught_exception(exc)
  File "/home/ubuntu/.local/lib/python3.6/site-packages/rest_framework/views.py", line 468, in raise_uncaught_exception
    raise exc
  File "/home/ubuntu/.local/lib/python3.6/site-packages/rest_framework/views.py", line 494, in dispatch
    response = handler(request, *args, **kwargs)
  File "/home/ubuntu/.local/lib/python3.6/site-packages/rest_framework/decorators.py", line 50, in handler
    return func(*args, **kwargs)
  File "/var/www/html/s1p3151006/backend/api/api_views/product_views.py", line 135, in information
    is_sell=is_sell,title=title,contents=contents).save()
  File "/home/ubuntu/.local/lib/python3.6/site-packages/django/db/models/base.py", line 741, in save
    force_update=force_update, update_fields=update_fields)
  File "/home/ubuntu/.local/lib/python3.6/site-packages/django/db/models/base.py", line 779, in save_base
    force_update, using, update_fields,
  File "/home/ubuntu/.local/lib/python3.6/site-packages/django/db/models/base.py", line 870, in _save_table
    result = self._do_insert(cls._base_manager, using, fields, update_pk, raw)
  File "/home/ubuntu/.local/lib/python3.6/site-packages/django/db/models/base.py", line 908, in _do_insert
    using=using, raw=raw)
  File "/home/ubuntu/.local/lib/python3.6/site-packages/django/db/models/manager.py", line 82, in manager_method
    return getattr(self.get_queryset(), name)(*args, **kwargs)
  File "/home/ubuntu/.local/lib/python3.6/site-packages/django/db/models/query.py", line 1186, in _insert
    return query.get_compiler(using=using).execute_sql(return_id)
  File "/home/ubuntu/.local/lib/python3.6/site-packages/django/db/models/sql/compiler.py", line 1335, in execute_sql
    cursor.execute(sql, params)
  File "/home/ubuntu/.local/lib/python3.6/site-packages/django/db/backends/utils.py", line 99, in execute
    return super().execute(sql, params)
  File "/home/ubuntu/.local/lib/python3.6/site-packages/django/db/backends/utils.py", line 67, in execute
    return self._execute_with_wrappers(sql, params, many=False, executor=self._execute)
  File "/home/ubuntu/.local/lib/python3.6/site-packages/django/db/backends/utils.py", line 76, in _execute_with_wrappers
    return executor(sql, params, many, context)
  File "/home/ubuntu/.local/lib/python3.6/site-packages/django/db/backends/utils.py", line 84, in _execute
    return self.cursor.execute(sql, params)
  File "/home/ubuntu/.local/lib/python3.6/site-packages/django/db/utils.py", line 89, in __exit__
    raise dj_exc_value.with_traceback(traceback) from exc_value
  File "/home/ubuntu/.local/lib/python3.6/site-packages/django/db/backends/utils.py", line 84, in _execute
    return self.cursor.execute(sql, params)
  File "/home/ubuntu/.local/lib/python3.6/site-packages/django/db/backends/mysql/base.py", line 71, in execute
    return self.cursor.execute(query, args)
  File "/home/ubuntu/.local/lib/python3.6/site-packages/MySQLdb/cursors.py", line 209, in execute
    res = self._query(query)
  File "/home/ubuntu/.local/lib/python3.6/site-packages/MySQLdb/cursors.py", line 315, in _query
    db.query(q)
  File "/home/ubuntu/.local/lib/python3.6/site-packages/MySQLdb/connections.py", line 226, in query
    _mysql.connection.query(self, query)
django.db.utils.OperationalError: (1366, "Incorrect string value: '\\xF0\\x9F\\x8E\\x89 \\xEC...' for column 'contents' at row 1")
[01/Nov/2019 01:35:08] "POST /api/product/ HTTP/1.1" 500 18876
[01/Nov/2019 02:01:28] "GET /api/api/product/ HTTP/1.1" 200 972615
[01/Nov/2019 02:02:08] "GET /api/api/product/ HTTP/1.1" 200 972615
[01/Nov/2019 02:06:17] "GET /api/api/search/?search_word=%EC%95%84%EC%9D%B4%ED%8F%B0 HTTP/1.1" 200 31543
[01/Nov/2019 02:09:32] "GET /api/api/search/?search_word=%EC%95%84%EC%9D%B4%ED%8F%B0 HTTP/1.1" 200 31543
[01/Nov/2019 02:09:56] "GET /api/api/search/?search_word=%EC%95%84%EC%9D%B4%ED%8F%B0 HTTP/1.1" 200 31543
[01/Nov/2019 02:10:48] "GET /api/api/search/?search_word=%EC%95%84%EC%9D%B4%ED%8F%B0 HTTP/1.1" 200 31543
Internal Server Error: /api/api/search/
Traceback (most recent call last):
  File "/home/ubuntu/.local/lib/python3.6/site-packages/django/core/handlers/exception.py", line 34, in inner
    response = get_response(request)
  File "/home/ubuntu/.local/lib/python3.6/site-packages/django/core/handlers/base.py", line 115, in _get_response
    response = self.process_exception_by_middleware(e, request)
  File "/home/ubuntu/.local/lib/python3.6/site-packages/django/core/handlers/base.py", line 113, in _get_response
    response = wrapped_callback(request, *callback_args, **callback_kwargs)
  File "/home/ubuntu/.local/lib/python3.6/site-packages/django/views/decorators/csrf.py", line 54, in wrapped_view
    return view_func(*args, **kwargs)
  File "/home/ubuntu/.local/lib/python3.6/site-packages/django/views/generic/base.py", line 71, in view
    return self.dispatch(request, *args, **kwargs)
  File "/home/ubuntu/.local/lib/python3.6/site-packages/rest_framework/views.py", line 499, in dispatch
    self.response = self.finalize_response(request, response, *args, **kwargs)
  File "/home/ubuntu/.local/lib/python3.6/site-packages/rest_framework/views.py", line 414, in finalize_response
    % type(response)
AssertionError: Expected a `Response`, `HttpResponse` or `HttpStreamingResponse` to be returned from the view, but received a `<class 'NoneType'>`
[01/Nov/2019 02:12:55] "GET /api/api/search/?search_word= HTTP/1.1" 500 79106
[01/Nov/2019 02:12:57] "GET /api/api/search/?search_word=%EC%95%84%EC%9D%B4%ED%8F%B0 HTTP/1.1" 200 31543
[01/Nov/2019 02:13:00] "GET /api/api/search/?search_word=%EC%95%84%EC%9D%B4%ED%8F%B0%E3%85%87 HTTP/1.1" 200 31298
[01/Nov/2019 02:20:35] "GET /api/api/search/?search_word=%EC%95%84%EC%9D%B4%ED%8F%B0 HTTP/1.1" 200 31543
[01/Nov/2019 02:22:51] "GET /api/api/search/?search_word=%EC%95%84%EC%9D%B4%ED%8F%B0 HTTP/1.1" 200 31543
[01/Nov/2019 02:23:37] "GET /api/api/search/?search_word=%EC%95%84%EC%9D%B4%ED%8F%B0 HTTP/1.1" 200 31543
[01/Nov/2019 02:24:18] "GET /api/api/search/?search_word=%EC%95%84%EC%9D%B4%ED%8F%B0 HTTP/1.1" 200 31543
[01/Nov/2019 02:25:51] "GET /api/api/search/?search_word=%EC%95%84%EC%9D%B4%ED%8F%B0 HTTP/1.1" 200 31543
[01/Nov/2019 02:28:16] "GET /api/api/search/?search_word=%EC%95%84%EC%9D%B4%ED%8F%B0 HTTP/1.1" 200 31543
[01/Nov/2019 02:29:27] "GET /api/api/search/?search_word=%EC%95%84%EC%9D%B4%ED%8F%B0 HTTP/1.1" 200 31543
[01/Nov/2019 02:30:19] "GET /api/api/search/?search_word=%EC%95%84%EC%9D%B4%ED%8F%B0 HTTP/1.1" 200 31543
[01/Nov/2019 02:31:12] "GET /api/api/search/?search_word=%EC%95%84%EC%9D%B4%ED%8F%B0 HTTP/1.1" 200 31543
[01/Nov/2019 02:33:58] "POST /api/product/ HTTP/1.1" 200 0
[01/Nov/2019 02:34:11] "GET /api/api/search/?search_word=%EC%95%84%EC%9D%B4%ED%8F%B0 HTTP/1.1" 200 31541
[01/Nov/2019 02:34:58] "GET /api/api/search/?search_word=%EC%95%84%EC%9D%B4%ED%8F%B0 HTTP/1.1" 200 31539
[01/Nov/2019 02:37:00] "GET /api/api/search/?search_word=%EC%95%84%EC%9D%B4%ED%8F%B0 HTTP/1.1" 200 31539
[01/Nov/2019 02:37:26] "GET /api/api/search/?search_word=%EC%95%84%EC%9D%B4%ED%8F%B0 HTTP/1.1" 200 31539
[01/Nov/2019 02:39:13] "POST /api/product/ HTTP/1.1" 200 0
[01/Nov/2019 02:41:14] "GET /api/api/search/?search_word=%EC%95%84%EC%9D%B4%ED%8F%B0 HTTP/1.1" 200 33631
[01/Nov/2019 02:54:56] "GET /api/search/?search_word=s HTTP/1.1" 200 34707
[01/Nov/2019 02:54:56] "GET /static/rest_framework/css/bootstrap-tweaks.css HTTP/1.1" 200 3385
[01/Nov/2019 02:54:56] "GET /static/rest_framework/css/bootstrap.min.css HTTP/1.1" 200 121457
[01/Nov/2019 02:54:56] "GET /static/rest_framework/css/prettify.css HTTP/1.1" 200 817
[01/Nov/2019 02:54:56] "GET /static/rest_framework/js/csrf.js HTTP/1.1" 200 1719
[01/Nov/2019 02:54:56] "GET /static/rest_framework/js/ajax-form.js HTTP/1.1" 200 3597
[01/Nov/2019 02:54:56] "GET /static/rest_framework/css/default.css HTTP/1.1" 200 1131
[01/Nov/2019 02:54:56] "GET /static/rest_framework/js/bootstrap.min.js HTTP/1.1" 200 37608
[01/Nov/2019 02:54:56] "GET /static/rest_framework/js/jquery-3.4.1.min.js HTTP/1.1" 200 88145
[01/Nov/2019 02:54:56] "GET /static/rest_framework/js/default.js HTTP/1.1" 200 1268
[01/Nov/2019 02:54:56] "GET /static/rest_framework/js/prettify-min.js HTTP/1.1" 200 13632
[01/Nov/2019 02:54:56] "GET /static/rest_framework/img/grid.png HTTP/1.1" 200 1458
Not Found: /favicon.ico
[01/Nov/2019 02:54:56] "GET /favicon.ico HTTP/1.1" 404 2206
Not Found: /
[01/Nov/2019 02:55:27] "GET / HTTP/1.1" 404 2155
Not Found: /favicon.ico
[01/Nov/2019 02:55:27] "GET /favicon.ico HTTP/1.1" 404 2206
[01/Nov/2019 02:57:26] "GET /api/api/search/?search_word=%EC%95%84%EC%9D%B4%ED%8F%B0 HTTP/1.1" 200 33630
[01/Nov/2019 02:58:26] "GET /api/api/search/?search_word=%EC%95%84%EC%9D%B4%ED%8F%B0 HTTP/1.1" 200 33630
[01/Nov/2019 02:58:41] "GET /api/api/search/?search_word=%EC%95%84%EC%9D%B4%ED%8F%B0 HTTP/1.1" 200 33630
Internal Server Error: /api/api/search/
Traceback (most recent call last):
  File "/home/ubuntu/.local/lib/python3.6/site-packages/django/core/handlers/exception.py", line 34, in inner
    response = get_response(request)
  File "/home/ubuntu/.local/lib/python3.6/site-packages/django/core/handlers/base.py", line 115, in _get_response
    response = self.process_exception_by_middleware(e, request)
  File "/home/ubuntu/.local/lib/python3.6/site-packages/django/core/handlers/base.py", line 113, in _get_response
    response = wrapped_callback(request, *callback_args, **callback_kwargs)
  File "/home/ubuntu/.local/lib/python3.6/site-packages/django/views/decorators/csrf.py", line 54, in wrapped_view
    return view_func(*args, **kwargs)
  File "/home/ubuntu/.local/lib/python3.6/site-packages/django/views/generic/base.py", line 71, in view
    return self.dispatch(request, *args, **kwargs)
  File "/home/ubuntu/.local/lib/python3.6/site-packages/rest_framework/views.py", line 499, in dispatch
    self.response = self.finalize_response(request, response, *args, **kwargs)
  File "/home/ubuntu/.local/lib/python3.6/site-packages/rest_framework/views.py", line 414, in finalize_response
    % type(response)
AssertionError: Expected a `Response`, `HttpResponse` or `HttpStreamingResponse` to be returned from the view, but received a `<class 'NoneType'>`
[01/Nov/2019 02:59:46] "GET /api/api/search/?search_word= HTTP/1.1" 500 78654
Internal Server Error: /api/api/search/
Traceback (most recent call last):
  File "/home/ubuntu/.local/lib/python3.6/site-packages/django/core/handlers/exception.py", line 34, in inner
    response = get_response(request)
  File "/home/ubuntu/.local/lib/python3.6/site-packages/django/core/handlers/base.py", line 115, in _get_response
    response = self.process_exception_by_middleware(e, request)
  File "/home/ubuntu/.local/lib/python3.6/site-packages/django/core/handlers/base.py", line 113, in _get_response
    response = wrapped_callback(request, *callback_args, **callback_kwargs)
  File "/home/ubuntu/.local/lib/python3.6/site-packages/django/views/decorators/csrf.py", line 54, in wrapped_view
    return view_func(*args, **kwargs)
  File "/home/ubuntu/.local/lib/python3.6/site-packages/django/views/generic/base.py", line 71, in view
    return self.dispatch(request, *args, **kwargs)
  File "/home/ubuntu/.local/lib/python3.6/site-packages/rest_framework/views.py", line 499, in dispatch
    self.response = self.finalize_response(request, response, *args, **kwargs)
  File "/home/ubuntu/.local/lib/python3.6/site-packages/rest_framework/views.py", line 414, in finalize_response
    % type(response)
AssertionError: Expected a `Response`, `HttpResponse` or `HttpStreamingResponse` to be returned from the view, but received a `<class 'NoneType'>`
[01/Nov/2019 03:00:01] "GET /api/api/search/?search_word= HTTP/1.1" 500 78654
Internal Server Error: /api/api/search/
Traceback (most recent call last):
  File "/home/ubuntu/.local/lib/python3.6/site-packages/django/core/handlers/exception.py", line 34, in inner
    response = get_response(request)
  File "/home/ubuntu/.local/lib/python3.6/site-packages/django/core/handlers/base.py", line 115, in _get_response
    response = self.process_exception_by_middleware(e, request)
  File "/home/ubuntu/.local/lib/python3.6/site-packages/django/core/handlers/base.py", line 113, in _get_response
    response = wrapped_callback(request, *callback_args, **callback_kwargs)
  File "/home/ubuntu/.local/lib/python3.6/site-packages/django/views/decorators/csrf.py", line 54, in wrapped_view
    return view_func(*args, **kwargs)
  File "/home/ubuntu/.local/lib/python3.6/site-packages/django/views/generic/base.py", line 71, in view
    return self.dispatch(request, *args, **kwargs)
  File "/home/ubuntu/.local/lib/python3.6/site-packages/rest_framework/views.py", line 499, in dispatch
    self.response = self.finalize_response(request, response, *args, **kwargs)
  File "/home/ubuntu/.local/lib/python3.6/site-packages/rest_framework/views.py", line 414, in finalize_response
    % type(response)
AssertionError: Expected a `Response`, `HttpResponse` or `HttpStreamingResponse` to be returned from the view, but received a `<class 'NoneType'>`
[01/Nov/2019 03:00:01] "GET /api/api/search/?search_word= HTTP/1.1" 500 78654
[01/Nov/2019 03:00:29] "GET /api/api/search/?search_word=d HTTP/1.1" 200 2781
[01/Nov/2019 03:03:05] "GET /api/api/search/?search_word=%EC%95%84%EC%9D%B4%ED%8F%B0 HTTP/1.1" 200 33630
[01/Nov/2019 03:03:56] "GET /api/api/search/?search_word=%EC%95%84%EC%9D%B4%ED%8F%B0 HTTP/1.1" 200 33630
[01/Nov/2019 03:08:11] "GET /api/api/search/?search_word=%EC%95%84%EC%9D%B4%ED%8F%B0 HTTP/1.1" 200 33630
/var/www/html/s1p3151006/backend/api/api_views/search_views.py changed, reloading.
Performing system checks...

System check identified no issues (0 silenced).

You have 21 unapplied migration(s). Your project may not work properly until you apply the migrations for app(s): admin, api, auth, contenttypes, sessions.
Run 'python manage.py migrate' to apply them.
October 31, 2019 - 08:38:17
Django version 2.2.4, using settings 'backend.settings'
Starting development server at http://0:8000/
Quit the server with CONTROL-C.
Watching for file changes with StatReloader
[01/Nov/2019 03:57:27] "GET /api/api/search/?search_word= HTTP/1.1" 200 9893
[01/Nov/2019 03:58:09] "GET /media/660260523.jpg HTTP/1.1" 200 17940
[01/Nov/2019 04:14:16] "GET /api/api/search/?search_word=ipad HTTP/1.1" 200 8212
[01/Nov/2019 04:23:04] "POST /api/product/ HTTP/1.1" 200 0
[01/Nov/2019 04:35:41] "GET /api/api/search/?search_word= HTTP/1.1" 200 9382
[01/Nov/2019 04:45:40] "GET /api/api/search/?search_word=%EC%95%84%EC%9D%B4%ED%8F%B0 HTTP/1.1" 200 33376
[01/Nov/2019 05:25:32] "GET /api/api/search/?search_word=ff HTTP/1.1" 200 345
[01/Nov/2019 05:25:37] "GET /api/api/search/?search_word=%EC%95%84%EC%9D%B4%ED%8F%B0 HTTP/1.1" 200 33376
[01/Nov/2019 05:25:59] "GET /api/api/search/?search_word=%EC%95%84%EC%95%84%E3%85%A3%ED%8F%B0 HTTP/1.1" 200 25794
[01/Nov/2019 05:26:00] "GET /api/api/search/?search_word=%EC%95%84%EC%9D%B4%ED%8F%B0 HTTP/1.1" 200 33376
[01/Nov/2019 05:41:21] "GET /api/api/product/ HTTP/1.1" 200 1648479
[01/Nov/2019 05:41:29] "GET /api/api/product/ HTTP/1.1" 200 1648479
[01/Nov/2019 05:41:41] "GET /api/api/product/ HTTP/1.1" 200 1648479
[01/Nov/2019 05:42:02] "GET /api/api/search/?search_word=%EC%95%84%EC%9D%B4%ED%8F%B0 HTTP/1.1" 200 60710
[01/Nov/2019 05:43:17] "GET /api/api/search/?search_word=undefined HTTP/1.1" 200 345
[01/Nov/2019 05:44:17] "GET /api/api/search/?search_word=%EC%95%84%EC%9D%B4%ED%8F%B0 HTTP/1.1" 200 33376
[01/Nov/2019 05:44:27] "GET /api/api/search/?search_word=%EC%95%84%EC%9D%B4%ED%8F%B0 HTTP/1.1" 200 33376
[01/Nov/2019 05:45:46] "GET /api/api/search/?search_word=%EC%95%84%EC%9D%B4%ED%8F%B0 HTTP/1.1" 200 33376
[01/Nov/2019 05:47:05] "GET /api/api/search/?search_word=%EC%95%84%EC%9D%B4%ED%8F%B0 HTTP/1.1" 200 33376
[01/Nov/2019 05:48:38] "GET /api/api/search/?search_word=%EC%95%84%EC%9D%B4%ED%8F%B0 HTTP/1.1" 200 33376
[01/Nov/2019 05:51:37] "GET /api/api/search/?search_word=%EC%95%84%EC%9D%B4%ED%8F%B0 HTTP/1.1" 200 33376
[01/Nov/2019 05:54:01] "GET /api/api/search/?search_word=%EC%95%84%EC%9D%B4%ED%8F%B0 HTTP/1.1" 200 33376
[01/Nov/2019 05:54:48] "GET /api/api/search/?search_word=%EC%95%84%EC%9D%B4%ED%8F%B0 HTTP/1.1" 200 33376
[01/Nov/2019 05:54:57] "GET /api/api/search/?search_word=%EC%95%84%EC%9D%B4%ED%8F%B0 HTTP/1.1" 200 33376
[01/Nov/2019 05:57:06] "GET /api/api/search/?search_word=%EC%95%84%EC%9D%B4%ED%8F%B0 HTTP/1.1" 200 33376
[01/Nov/2019 05:58:14] "GET /api/api/search/?search_word=%EC%95%84%EC%9D%B4%ED%8F%B0 HTTP/1.1" 200 33376
[01/Nov/2019 05:58:33] "GET /api/api/search/?search_word=%EC%95%84%EC%9D%B4%ED%8F%B0 HTTP/1.1" 200 33376
[01/Nov/2019 05:58:55] "GET /api/api/search/?search_word=%EC%95%84%EC%9D%B4%ED%8F%B0 HTTP/1.1" 200 33376
[01/Nov/2019 05:59:19] "GET /api/api/search/?search_word=%EC%95%84%EC%9D%B4%ED%8F%B0 HTTP/1.1" 200 33376
[01/Nov/2019 06:00:00] "GET /api/api/search/?search_word=%EC%95%84%EC%9D%B4%ED%8F%B0 HTTP/1.1" 200 33376
[01/Nov/2019 06:00:43] "GET /api/api/search/?search_word=%EC%95%84%EC%9D%B4%ED%8F%B0 HTTP/1.1" 200 33376
[01/Nov/2019 06:01:27] "GET /api/api/search/?search_word=%EC%95%84%EC%9D%B4%ED%8F%B0 HTTP/1.1" 200 33376
[01/Nov/2019 06:02:10] "GET /api/api/search/?search_word=%EC%95%84%EC%9D%B4%ED%8F%B0 HTTP/1.1" 200 33376
[01/Nov/2019 06:04:39] "GET /api/api/search/?search_word=%EC%95%84%EC%9D%B4%ED%8F%B0 HTTP/1.1" 200 33376
[01/Nov/2019 06:05:07] "GET /api/api/search/?search_word=%EC%95%84%EC%9D%B4%ED%8F%B0 HTTP/1.1" 200 33376
[01/Nov/2019 06:06:14] "GET /api/api/search/?search_word=%EC%95%84%EC%9D%B4%ED%8F%B0 HTTP/1.1" 200 33376
